********************************************************************************
*                     Monday, November 07, 2016 3:07:22 PM                     *
********************************************************************************
CSharpCompilerWrapper.exe version: 1.10.0.0
Platform: Windows
Target assembly: Assembly-CSharp.dll
Project directory: C:\Users\student\Documents\Team3_GraduationGame
Unity 'Data' or 'Frameworks' directory: C:/Program Files/Unity/Editor/Data
Compiler: Microsoft C# 6.0

- Compilation -----------------------------------------------

Process: C:\Users\student\Documents\Team3_GraduationGame\CSharp60Support\Roslyn\csc.exe
Arguments: -nostdlib+ -noconfig -nologo -r:"C:/Program Files/Unity/Editor/Data\Mono/lib/mono/2.0/mscorlib.dll" -r:"C:/Program Files/Unity/Editor/Data\Mono/lib/mono/2.0/System.dll" -r:"C:/Program Files/Unity/Editor/Data\Mono/lib/mono/2.0/System.Core.dll" -r:"C:/Program Files/Unity/Editor/Data\Mono/lib/mono/2.0/System.Xml.dll" @Temp/UnityTempFile-7821a8c6db317714bbcd716761b6bee2
Exit code: 0
Elapsed time: 3.06 sec

- Compiler output (0 lines):

- Compiler errors (1 line):
0: Assets\Scripts\Character.cs(19,18): warning CS0414: The field 'Character.isInCombat' is assigned but its value is never used

- PDB to MDB conversion --------------------------------------

Process: C:\Users\student\Documents\Team3_GraduationGame\CSharp60Support\Roslyn\pdb2mdb.exe
Arguments: Temp\Assembly-CSharp.dll
Exit code: 0
Elapsed time: 0.13 sec

- pdb2mdb.exe output (0 lines):
********************************************************************************
*                     Monday, November 07, 2016 3:07:26 PM                     *
********************************************************************************
CSharpCompilerWrapper.exe version: 1.10.0.0
Platform: Windows
Target assembly: Assembly-CSharp-Editor.dll
Project directory: C:\Users\student\Documents\Team3_GraduationGame
Unity 'Data' or 'Frameworks' directory: C:/Program Files/Unity/Editor/Data
Compiler: Microsoft C# 6.0

- Compilation -----------------------------------------------

Process: C:\Users\student\Documents\Team3_GraduationGame\CSharp60Support\Roslyn\csc.exe
Arguments: -nostdlib+ -noconfig -nologo -r:"C:/Program Files/Unity/Editor/Data\Mono/lib/mono/2.0/mscorlib.dll" -r:"C:/Program Files/Unity/Editor/Data\Mono/lib/mono/2.0/System.dll" -r:"C:/Program Files/Unity/Editor/Data\Mono/lib/mono/2.0/System.Core.dll" -r:"C:/Program Files/Unity/Editor/Data\Mono/lib/mono/2.0/System.Xml.dll" @Temp/UnityTempFile-fc3d608d8024c464f8c8a938e90d8a49
Exit code: 0
Elapsed time: 2.52 sec

- Compiler output (0 lines):

- Compiler errors (0 lines):

- PDB to MDB conversion --------------------------------------

Process: C:\Users\student\Documents\Team3_GraduationGame\CSharp60Support\Roslyn\pdb2mdb.exe
Arguments: Temp\Assembly-CSharp-Editor.dll
Exit code: 0
Elapsed time: 0.10 sec

- pdb2mdb.exe output (0 lines):
